#
# A fatal error has been detected by the Java Runtime Environment:
#
#  EXCEPTION_ACCESS_VIOLATION (0xc0000005) at pc=0x00007fffae43e499, pid=9516, tid=2704
#
# JRE version: Java(TM) SE Runtime Environment (8.0_65-b17) (build 1.8.0_65-b17)
# Java VM: Java HotSpot(TM) 64-Bit Server VM (25.65-b01 mixed mode windows-amd64 compressed oops)
# Problematic frame:
# C  [lwjgl_opengl.dll+0xe499]
#
# Failed to write core dump. Minidumps are not enabled by default on client versions of Windows
#
# If you would like to submit a bug report, please visit:
#   http://bugreport.java.com/bugreport/crash.jsp
# The crash happened outside the Java Virtual Machine in native code.
# See problematic frame for where to report the bug.
#

---------------  T H R E A D  ---------------

Current thread (0x000000000260e800):  JavaThread "main" [_thread_in_native, id=2704, stack(0x00000000024d0000,0x00000000025d0000)]

siginfo: ExceptionCode=0xc0000005, reading address 0x0000000000000390

Registers:
RAX=0x0000000070f95d40, RBX=0x000000001b87b8d8, RCX=0x0000000000000000, RDX=0x00000000025cf3b0
RSP=0x00000000025cf318, RBP=0x00000000025cf3a0, RSI=0x0000000000200021, RDI=0x0000000002797800
R8 =0x0000000000000004, R9 =0x0000000002607ca0, R10=0x00000000027a5e08, R11=0x0000000070a29450
R12=0x0000000000000000, R13=0x000000001b87b8d8, R14=0x00000000025cf3d8, R15=0x000000000260e800
RIP=0x00007fffae43e499, EFLAGS=0x0000000000010206

Top of Stack: (sp=0x00000000025cf318)
0x00000000025cf318:   00000000027a5e34 0000000002797800
0x00000000025cf328:   00000000027a5b9d 000000000260e800
0x00000000025cf338:   000000001b87b8d8 0000000000000000
0x00000000025cf348:   0000000000000000 00000000025cf448
0x00000000025cf358:   00000000027a5b62 00000000025cf360
0x00000000025cf368:   000000001b87b8d8 00000000025cf3d8
0x00000000025cf378:   000000001b8ac828 0000000000000000
0x00000000025cf388:   000000001b87b8d8 0000000000000000
0x00000000025cf398:   00000000025cf3c0 00000000025cf420
0x00000000025cf3a8:   0000000002797ced 000000076bc84438
0x00000000025cf3b8:   000000000279f978 0000000000000000
0x00000000025cf3c8:   0000000000000000 000000003f000000
0x00000000025cf3d8:   000000003f800000 00000000025cf3e0
0x00000000025cf3e8:   000000001b87b974 00000000025cf448
0x00000000025cf3f8:   000000001b8ac828 0000000000000000
0x00000000025cf408:   000000001b87b9b0 00000000025cf3c0 

Instructions: (pc=0x00007fffae43e499)
0x00007fffae43e479:   48 ff a1 58 03 00 00 48 8b 01 0f 28 cb f3 0f 10
0x00007fffae43e489:   5c 24 30 0f 28 c2 f3 0f 10 54 24 28 48 8b 48 18
0x00007fffae43e499:   48 ff a1 90 03 00 00 48 8b 01 0f 28 c2 48 8b 48
0x00007fffae43e4a9:   18 48 ff a1 a8 03 00 00 cc cc cc cc cc cc cc cc 


Register to memory mapping:

RAX=0x0000000070f95d40 is an unknown value
RBX={method} {0x000000001b87b8e0} 'nglClearColor' '(FFFF)V' in 'org/lwjgl/opengl/GL11'
RCX=0x0000000000000000 is an unknown value
RDX=0x00000000025cf3b0 is pointing into the stack for thread: 0x000000000260e800
RSP=0x00000000025cf318 is pointing into the stack for thread: 0x000000000260e800
RBP=0x00000000025cf3a0 is pointing into the stack for thread: 0x000000000260e800
RSI=0x0000000000200021 is an unknown value
RDI=0x0000000002797800 is at code_begin+832 in an Interpreter codelet
invoke return entry points  [0x00000000027974c0, 0x0000000002797dc0]  2304 bytes
R8 =0x0000000000000004 is an unknown value
R9 =0x0000000002607ca0 is an unknown value
R10=0x00000000027a5e08 is at code_begin+840 in an Interpreter codelet
method entry point (kind = native)  [0x00000000027a5ac0, 0x00000000027a6420]  2400 bytes
R11=0x0000000070a29450 is an unknown value
R12=0x0000000000000000 is an unknown value
R13={method} {0x000000001b87b8e0} 'nglClearColor' '(FFFF)V' in 'org/lwjgl/opengl/GL11'
R14=0x00000000025cf3d8 is pointing into the stack for thread: 0x000000000260e800
R15=0x000000000260e800 is a thread


Stack: [0x00000000024d0000,0x00000000025d0000],  sp=0x00000000025cf318,  free space=1020k
Native frames: (J=compiled Java code, j=interpreted, Vv=VM code, C=native code)
C  [lwjgl_opengl.dll+0xe499]

Java frames: (J=compiled Java code, j=interpreted, Vv=VM code)
j  org.lwjgl.opengl.GL11.nglClearColor(FFFF)V+0
j  org.lwjgl.opengl.GL11.glClearColor(FFFF)V+4
j  engine.Renderer.init()V+5
j  engine.GameEngine.init()V+72
j  engine.GameEngine.run()V+30
j  game.windows_glfw.main([Ljava/lang/String;)V+22
v  ~StubRoutines::call_stub

---------------  P R O C E S S  ---------------

Java Threads: ( => current thread )
  0x000000001d6c8800 JavaThread "Service Thread" daemon [_thread_blocked, id=14644, stack(0x000000001daa0000,0x000000001dba0000)]
  0x000000001bd58800 JavaThread "C1 CompilerThread2" daemon [_thread_blocked, id=19304, stack(0x000000001d5a0000,0x000000001d6a0000)]
  0x000000001bd52000 JavaThread "C2 CompilerThread1" daemon [_thread_blocked, id=6404, stack(0x000000001d4a0000,0x000000001d5a0000)]
  0x000000001bd4e800 JavaThread "C2 CompilerThread0" daemon [_thread_blocked, id=7824, stack(0x000000001d3a0000,0x000000001d4a0000)]
  0x000000001bd4d000 JavaThread "Attach Listener" daemon [_thread_blocked, id=3716, stack(0x000000001d2a0000,0x000000001d3a0000)]
  0x000000001bd4c000 JavaThread "Signal Dispatcher" daemon [_thread_blocked, id=21808, stack(0x000000001d1a0000,0x000000001d2a0000)]
  0x0000000002788800 JavaThread "Finalizer" daemon [_thread_blocked, id=16508, stack(0x000000001cfb0000,0x000000001d0b0000)]
  0x000000001bd19000 JavaThread "Reference Handler" daemon [_thread_blocked, id=20776, stack(0x000000001ceb0000,0x000000001cfb0000)]
=>0x000000000260e800 JavaThread "main" [_thread_in_native, id=2704, stack(0x00000000024d0000,0x00000000025d0000)]

Other Threads:
  0x000000001bd17800 VMThread [stack: 0x000000001cdb0000,0x000000001ceb0000] [id=6376]
  0x000000001d6f7800 WatcherThread [stack: 0x000000001dba0000,0x000000001dca0000] [id=13320]

VM state:not at safepoint (normal execution)

VM Mutex/Monitor currently owned by a thread: None

Heap:
 PSYoungGen      total 76288K, used 9176K [0x000000076b500000, 0x0000000770a00000, 0x00000007c0000000)
  eden space 65536K, 14% used [0x000000076b500000,0x000000076bdf63f8,0x000000076f500000)
  from space 10752K, 0% used [0x000000076ff80000,0x000000076ff80000,0x0000000770a00000)
  to   space 10752K, 0% used [0x000000076f500000,0x000000076f500000,0x000000076ff80000)
 ParOldGen       total 175104K, used 0K [0x00000006c1e00000, 0x00000006cc900000, 0x000000076b500000)
  object space 175104K, 0% used [0x00000006c1e00000,0x00000006c1e00000,0x00000006cc900000)
 Metaspace       used 5738K, capacity 5904K, committed 6144K, reserved 1056768K
  class space    used 598K, capacity 670K, committed 768K, reserved 1048576K

Card table byte_map: [0x0000000011b50000,0x0000000012350000] byte_map_base: 0x000000000e541000

Marking Bits: (ParMarkBitMap*) 0x000000007100a5b0
 Begin Bits: [0x0000000012ca0000, 0x0000000016c28000)
 End Bits:   [0x0000000016c28000, 0x000000001abb0000)

Polling page: 0x00000000025d0000

CodeCache: size=245760Kb used=2095Kb max_used=2106Kb free=243664Kb
 bounds [0x0000000002790000, 0x0000000002a00000, 0x0000000011790000]
 total_blobs=1106 nmethods=410 adapters=609
 compilation: enabled

Compilation events (10 events):
Event: 0.470 Thread 0x000000001bd58800  406       3       java.util.regex.Matcher::search (109 bytes)
Event: 0.471 Thread 0x000000001bd58800 nmethod 406 0x0000000002997510 code [0x00000000029976a0, 0x0000000002997aa8]
Event: 0.471 Thread 0x000000001bd58800  407       1       sun.nio.fs.WindowsException::lastError (5 bytes)
Event: 0.471 Thread 0x000000001bd58800 nmethod 407 0x0000000002997250 code [0x00000000029973a0, 0x00000000029974b0]
Event: 0.472 Thread 0x000000001bd58800  408       3       java.lang.AbstractStringBuilder::append (144 bytes)
Event: 0.472 Thread 0x000000001bd4e800 nmethod 405 0x0000000002996c50 code [0x0000000002996da0, 0x0000000002996fd8]
Event: 0.473 Thread 0x000000001bd58800 nmethod 408 0x000000000299a710 code [0x000000000299a9c0, 0x000000000299bc78]
Event: 0.476 Thread 0x000000001bd52000 nmethod 397% 0x0000000002999b90 code [0x0000000002999ce0, 0x000000000299a4d8]
Event: 0.478 Thread 0x000000001bd58800  409  s    3       java.lang.Throwable::fillInStackTrace (29 bytes)
Event: 0.478 Thread 0x000000001bd58800 nmethod 409 0x0000000002996690 code [0x0000000002996800, 0x0000000002996ba8]

GC Heap History (0 events):
No events

Deoptimization events (0 events):
No events

Internal exceptions (10 events):
Event: 0.476 Thread 0x000000000260e800 Exception <a 'sun/nio/fs/WindowsException'> (0x000000076bcce8c0) thrown at [C:\workspace\8-2-build-windows-amd64-cygwin\jdk8u65\4987\hotspot\src\share\vm\prims\jni.cpp, line 709]
Event: 0.476 Thread 0x000000000260e800 Exception <a 'sun/nio/fs/WindowsException'> (0x000000076bcceeb8) thrown at [C:\workspace\8-2-build-windows-amd64-cygwin\jdk8u65\4987\hotspot\src\share\vm\prims\jni.cpp, line 709]
Event: 0.476 Thread 0x000000000260e800 Exception <a 'sun/nio/fs/WindowsException'> (0x000000076bccfa40) thrown at [C:\workspace\8-2-build-windows-amd64-cygwin\jdk8u65\4987\hotspot\src\share\vm\prims\jni.cpp, line 709]
Event: 0.476 Thread 0x000000000260e800 Exception <a 'sun/nio/fs/WindowsException'> (0x000000076bcd0038) thrown at [C:\workspace\8-2-build-windows-amd64-cygwin\jdk8u65\4987\hotspot\src\share\vm\prims\jni.cpp, line 709]
Event: 0.476 Thread 0x000000000260e800 Exception <a 'sun/nio/fs/WindowsException'> (0x000000076bcd0bc0) thrown at [C:\workspace\8-2-build-windows-amd64-cygwin\jdk8u65\4987\hotspot\src\share\vm\prims\jni.cpp, line 709]
Event: 0.476 Thread 0x000000000260e800 Exception <a 'sun/nio/fs/WindowsException'> (0x000000076bcd11b8) thrown at [C:\workspace\8-2-build-windows-amd64-cygwin\jdk8u65\4987\hotspot\src\share\vm\prims\jni.cpp, line 709]
Event: 0.476 Thread 0x000000000260e800 Exception <a 'sun/nio/fs/WindowsException'> (0x000000076bcd1d78) thrown at [C:\workspace\8-2-build-windows-amd64-cygwin\jdk8u65\4987\hotspot\src\share\vm\prims\jni.cpp, line 709]
Event: 0.477 Thread 0x000000000260e800 Exception <a 'sun/nio/fs/WindowsException'> (0x000000076bcd2390) thrown at [C:\workspace\8-2-build-windows-amd64-cygwin\jdk8u65\4987\hotspot\src\share\vm\prims\jni.cpp, line 709]
Event: 0.477 Thread 0x000000000260e800 Exception <a 'sun/nio/fs/WindowsException'> (0x000000076bcd2f50) thrown at [C:\workspace\8-2-build-windows-amd64-cygwin\jdk8u65\4987\hotspot\src\share\vm\prims\jni.cpp, line 709]
Event: 0.477 Thread 0x000000000260e800 Exception <a 'sun/nio/fs/WindowsException'> (0x000000076bcd3568) thrown at [C:\workspace\8-2-build-windows-amd64-cygwin\jdk8u65\4987\hotspot\src\share\vm\prims\jni.cpp, line 709]

Events (10 events):
Event: 0.469 Thread 0x000000000260e800 DEOPT PACKING pc=0x000000000292d44a sp=0x00000000025cddf0
Event: 0.469 Thread 0x000000000260e800 DEOPT UNPACKING pc=0x00000000027d787f sp=0x00000000025cdaf0 mode 0
Event: 0.469 loading class org/lwjgl/opengl/GL$4
Event: 0.469 loading class org/lwjgl/opengl/GL$4 done
Event: 0.477 loading class org/lwjgl/opengl/GL$1
Event: 0.477 loading class org/lwjgl/opengl/GL$1 done
Event: 0.477 loading class org/lwjgl/opengl/GL$SharedLibraryGL
Event: 0.477 loading class org/lwjgl/opengl/GL$SharedLibraryGL done
Event: 0.478 loading class org/lwjgl/system/SharedLibrary$Delegate
Event: 0.478 loading class org/lwjgl/system/SharedLibrary$Delegate done


Dynamic libraries:
0x00007ff651920000 - 0x00007ff651957000 	C:\Program Files\Java\jdk1.8.0_65\bin\javaw.exe
0x00007fffd2200000 - 0x00007fffd23d1000 	C:\WINDOWS\SYSTEM32\ntdll.dll
0x00007fffcffa0000 - 0x00007fffd004b000 	C:\WINDOWS\System32\KERNEL32.DLL
0x00007fffcf570000 - 0x00007fffcf78d000 	C:\WINDOWS\System32\KERNELBASE.dll
0x00007fffcfd10000 - 0x00007fffcfdb2000 	C:\WINDOWS\System32\ADVAPI32.dll
0x00007fffd1f90000 - 0x00007fffd202e000 	C:\WINDOWS\System32\msvcrt.dll
0x00007fffd0070000 - 0x00007fffd00c9000 	C:\WINDOWS\System32\sechost.dll
0x00007fffcfa70000 - 0x00007fffcfb91000 	C:\WINDOWS\System32\RPCRT4.dll
0x00007fffcfba0000 - 0x00007fffcfd05000 	C:\WINDOWS\System32\USER32.dll
0x00007fffcee80000 - 0x00007fffcee9e000 	C:\WINDOWS\System32\win32u.dll
0x00007fffd2160000 - 0x00007fffd2194000 	C:\WINDOWS\System32\GDI32.dll
0x00007fffcf090000 - 0x00007fffcf212000 	C:\WINDOWS\System32\gdi32full.dll
0x00007fffc59d0000 - 0x00007fffc5c49000 	C:\WINDOWS\WinSxS\amd64_microsoft.windows.common-controls_6595b64144ccf1df_6.0.14393.447_none_42191651c6827bb3\COMCTL32.dll
0x00007fffcf7a0000 - 0x00007fffcfa68000 	C:\WINDOWS\System32\combase.dll
0x00007fffcef90000 - 0x00007fffcf085000 	C:\WINDOWS\System32\ucrtbase.dll
0x00007fffcf220000 - 0x00007fffcf28a000 	C:\WINDOWS\System32\bcryptPrimitives.dll
0x00007fffd0260000 - 0x00007fffd028e000 	C:\WINDOWS\System32\IMM32.DLL
0x0000000072aa0000 - 0x0000000072b72000 	C:\Program Files\Java\jdk1.8.0_65\jre\bin\msvcr100.dll
0x0000000070800000 - 0x0000000071089000 	C:\Program Files\Java\jdk1.8.0_65\jre\bin\server\jvm.dll
0x00007fffd0060000 - 0x00007fffd0068000 	C:\WINDOWS\System32\PSAPI.DLL
0x00007fffcb1c0000 - 0x00007fffcb1c9000 	C:\WINDOWS\SYSTEM32\WSOCK32.dll
0x00007fffcb1b0000 - 0x00007fffcb1ba000 	C:\WINDOWS\SYSTEM32\VERSION.dll
0x00007fffccb40000 - 0x00007fffccb63000 	C:\WINDOWS\SYSTEM32\WINMM.dll
0x00007fffd01f0000 - 0x00007fffd025a000 	C:\WINDOWS\System32\WS2_32.dll
0x00000000024a0000 - 0x00000000024cb000 	C:\WINDOWS\SYSTEM32\WINMMBASE.dll
0x00007fffceea0000 - 0x00007fffceee2000 	C:\WINDOWS\System32\cfgmgr32.dll
0x0000000072fc0000 - 0x0000000072fcf000 	C:\Program Files\Java\jdk1.8.0_65\jre\bin\verify.dll
0x0000000072f90000 - 0x0000000072fb9000 	C:\Program Files\Java\jdk1.8.0_65\jre\bin\java.dll
0x0000000072f70000 - 0x0000000072f86000 	C:\Program Files\Java\jdk1.8.0_65\jre\bin\zip.dll
0x00007fffd0a80000 - 0x00007fffd1f89000 	C:\WINDOWS\System32\SHELL32.dll
0x00007fffce7a0000 - 0x00007fffcee7a000 	C:\WINDOWS\System32\windows.storage.dll
0x00007fffce680000 - 0x00007fffce6cc000 	C:\WINDOWS\System32\powrprof.dll
0x00007fffd0a20000 - 0x00007fffd0a72000 	C:\WINDOWS\System32\shlwapi.dll
0x00007fffce6d0000 - 0x00007fffce6df000 	C:\WINDOWS\System32\kernel.appcore.dll
0x00007fffce6f0000 - 0x00007fffce799000 	C:\WINDOWS\System32\shcore.dll
0x00007fffce660000 - 0x00007fffce674000 	C:\WINDOWS\System32\profapi.dll
0x00007fffaea80000 - 0x00007fffaead7000 	C:\JavaWorkspace\lwjgl-3.1.1\lwjgl\lwjgl-natives-windows\lwjgl.dll
0x00007fffce0d0000 - 0x00007fffce0db000 	C:\WINDOWS\SYSTEM32\CRYPTBASE.DLL
0x0000000072f50000 - 0x0000000072f6a000 	C:\Program Files\Java\jdk1.8.0_65\jre\bin\net.dll
0x00007fffcdf30000 - 0x00007fffcdf8c000 	C:\WINDOWS\system32\mswsock.dll
0x0000000072f30000 - 0x0000000072f41000 	C:\Program Files\Java\jdk1.8.0_65\jre\bin\nio.dll
0x00007fffb5090000 - 0x00007fffb50ce000 	C:\JavaWorkspace\Pseudo-3D\lwjgl3\lwjgl-jemalloc-natives-windows\jemalloc.dll
0x00007fffae6f0000 - 0x00007fffae72c000 	C:\JavaWorkspace\Pseudo-3D\lwjgl3\lwjgl-glfw-natives-windows\glfw.dll
0x00007fffccdf0000 - 0x00007fffcce85000 	C:\WINDOWS\system32\uxtheme.dll
0x00007fffae6b0000 - 0x00007fffae6f0000 	C:\WINDOWS\SYSTEM32\dinput8.dll
0x00007fffcbd00000 - 0x00007fffcbd0e000 	C:\WINDOWS\SYSTEM32\xinput1_4.dll
0x00007fffcd240000 - 0x00007fffcd268000 	C:\WINDOWS\SYSTEM32\DEVOBJ.dll
0x00007fffcc300000 - 0x00007fffcc326000 	C:\WINDOWS\SYSTEM32\dwmapi.dll
0x00007fffcd550000 - 0x00007fffcd55c000 	C:\WINDOWS\SYSTEM32\HID.DLL
0x00007fffd05f0000 - 0x00007fffd0a19000 	C:\WINDOWS\System32\SETUPAPI.DLL
0x00007fffcf460000 - 0x00007fffcf4b5000 	C:\WINDOWS\System32\WINTRUST.dll
0x00007fffce6e0000 - 0x00007fffce6f0000 	C:\WINDOWS\System32\MSASN1.dll
0x00007fffcf290000 - 0x00007fffcf459000 	C:\WINDOWS\System32\CRYPT32.dll
0x00007fffd0290000 - 0x00007fffd03eb000 	C:\WINDOWS\System32\MSCTF.dll
0x00007fffd2030000 - 0x00007fffd20ef000 	C:\WINDOWS\System32\OLEAUT32.dll
0x00007fffceef0000 - 0x00007fffcef8c000 	C:\WINDOWS\System32\msvcp_win.dll
0x00007fffb9ac0000 - 0x00007fffb9be3000 	C:\WINDOWS\SYSTEM32\opengl32.dll
0x00007fffc3500000 - 0x00007fffc352d000 	C:\WINDOWS\SYSTEM32\GLU32.dll
0x00007fffbbe80000 - 0x00007fffbbf77000 	C:\WINDOWS\SYSTEM32\DDRAW.dll
0x00007fffc8ca0000 - 0x00007fffc8ca8000 	C:\WINDOWS\SYSTEM32\DCIMAN32.dll
0x00007fff7f7e0000 - 0x00007fff804d3000 	C:\WINDOWS\SYSTEM32\ig9icd64.dll
0x00007fffcb7a0000 - 0x00007fffcb7b3000 	C:\WINDOWS\SYSTEM32\WTSAPI32.dll
0x00007fffc70e0000 - 0x00007fffc7f50000 	C:\WINDOWS\SYSTEM32\igc64.dll
0x00007fffae430000 - 0x00007fffae48f000 	C:\JavaWorkspace\Pseudo-3D\lwjgl3\lwjgl-opengl-natives-windows\lwjgl_opengl.dll
0x00007fffcaf30000 - 0x00007fffcb0c2000 	C:\WINDOWS\SYSTEM32\dbghelp.dll

VM Arguments:
jvm_args: -Djava.library.path=C:\JavaWorkspace\lwjgl-3.1.1\lwjgl\lwjgl-natives-windows;C:\JavaWorkspace\Pseudo-3D\lwjgl3\lwjgl-natives-windows;C:\JavaWorkspace\Pseudo-3D\lwjgl3\lwjgl-assimp-natives-windows;C:\JavaWorkspace\Pseudo-3D\lwjgl3\lwjgl-bgfx-natives-windows;C:\JavaWorkspace\Pseudo-3D\lwjgl3\lwjgl-glfw-natives-windows;C:\JavaWorkspace\Pseudo-3D\lwjgl3\lwjgl-jemalloc-natives-windows;C:\JavaWorkspace\Pseudo-3D\lwjgl3\lwjgl-lmdb-natives-windows;C:\JavaWorkspace\Pseudo-3D\lwjgl3\lwjgl-nanovg-natives-windows;C:\JavaWorkspace\Pseudo-3D\lwjgl3\lwjgl-nfd-natives-windows;C:\JavaWorkspace\Pseudo-3D\lwjgl3\lwjgl-nuklear-natives-windows;C:\JavaWorkspace\Pseudo-3D\lwjgl3\lwjgl-openal-natives-windows;C:\JavaWorkspace\Pseudo-3D\lwjgl3\lwjgl-opengl-natives-windows;C:\JavaWorkspace\Pseudo-3D\lwjgl3\lwjgl-opengles-natives-windows;C:\JavaWorkspace\Pseudo-3D\lwjgl3\lwjgl-ovr-natives-windows;C:\JavaWorkspace\Pseudo-3D\lwjgl3\lwjgl-par-natives-windows;C:\JavaWorkspace\Pseudo-3D\lwjgl3\lwjgl-sse-natives-windows;C:\JavaWorkspace\Pseudo-3D\lwjgl3\lwjgl-stb-natives-windows;C:\JavaWorkspace\Pseudo-3D\lwjgl3\lwjgl-tinyfd-natives-windows;C:\JavaWorkspace\Pseudo-3D\lwjgl3\lwjgl-xxhash-natives-windows -Dfile.encoding=Cp1252 
java_command: game.windows_glfw
java_class_path (initial): C:\JavaWorkspace\Pseudo-3D\bin;C:\JavaWorkspace\Pseudo-3D\lwjgl3\lwjgl.jar;C:\JavaWorkspace\Pseudo-3D\lwjgl3\lwjgl-assimp.jar;C:\JavaWorkspace\Pseudo-3D\lwjgl3\lwjgl-bgfx.jar;C:\JavaWorkspace\Pseudo-3D\lwjgl3\lwjgl-egl.jar;C:\JavaWorkspace\Pseudo-3D\lwjgl3\lwjgl-glfw.jar;C:\JavaWorkspace\Pseudo-3D\lwjgl3\lwjgl-jawt.jar;C:\JavaWorkspace\Pseudo-3D\lwjgl3\lwjgl-jemalloc.jar;C:\JavaWorkspace\Pseudo-3D\lwjgl3\lwjgl-lmdb.jar;C:\JavaWorkspace\Pseudo-3D\lwjgl3\lwjgl-nanovg.jar;C:\JavaWorkspace\Pseudo-3D\lwjgl3\lwjgl-nfd.jar;C:\JavaWorkspace\Pseudo-3D\lwjgl3\lwjgl-nuklear.jar;C:\JavaWorkspace\Pseudo-3D\lwjgl3\lwjgl-openal.jar;C:\JavaWorkspace\Pseudo-3D\lwjgl3\lwjgl-opencl.jar;C:\JavaWorkspace\Pseudo-3D\lwjgl3\lwjgl-opengl.jar;C:\JavaWorkspace\Pseudo-3D\lwjgl3\lwjgl-opengles.jar;C:\JavaWorkspace\Pseudo-3D\lwjgl3\lwjgl-ovr.jar;C:\JavaWorkspace\Pseudo-3D\lwjgl3\lwjgl-par.jar;C:\JavaWorkspace\Pseudo-3D\lwjgl3\lwjgl-sse.jar;C:\JavaWorkspace\Pseudo-3D\lwjgl3\lwjgl-stb.jar;C:\JavaWorkspace\Pseudo-3D\lwjgl3\lwjgl-tinyfd.jar;C:\JavaWorkspace\Pseudo-3D\lwjgl3\lwjgl-vulkan.jar;C:\JavaWorkspace\Pseudo-3D\lwjgl3\lwjgl-xxhash.jar
Launcher Type: SUN_STANDARD

Environment Variables:
PATH=C:/Program Files/Java/jdk1.8.0_65/bin/../jre/bin/server;C:/Program Files/Java/jdk1.8.0_65/bin/../jre/bin;C:/Program Files/Java/jdk1.8.0_65/bin/../jre/lib/amd64;E:\MinGW\bin;C:\Program Files\Java\jdk1.8.0_65\bin;C:\ProgramData\Oracle\Java\javapath;C:\Program Files (x86)\Intel\iCLS Client\;C:\Program Files\Intel\iCLS Client\;C:\Windows\system32;C:\Windows;C:\Windows\System32\Wbem;C:\Windows\System32\WindowsPowerShell\v1.0\;C:\Program Files (x86)\Intel\Intel(R) Management Engine Components\DAL;C:\Program Files\Intel\Intel(R) Management Engine Components\DAL;C:\Program Files (x86)\Intel\Intel(R) Management Engine Components\IPT;C:\Program Files\Intel\Intel(R) Management Engine Components\IPT;C:\Program Files (x86)\NVIDIA Corporation\PhysX\Common;C:\WINDOWS\system32;C:\WINDOWS;C:\WINDOWS\System32\Wbem;C:\WINDOWS\System32\WindowsPowerShell\v1.0\;C:\Program Files\MATLAB\R2016a\bin;C:\Program Files (x86)\Windows Live\Shared;C:\Program Files\Intel\WiFi\bin\;C:\Program Files\Common Files\Intel\WirelessCommon\;C:\Program Files (x86)\Skype\Phone\;C:\Program Files (x86)\GtkSharp\2.12\bin;D:\Git\cmd;C:\Program Files\Intel\WiFi\bin\;C:\Program Files\Common Files\Intel\WirelessCommon\;%USERPROFILE%\AppData\Local\Microsoft\WindowsApps;;C:\Program Files\eclipse;
USERNAME=caiyi
OS=Windows_NT
PROCESSOR_IDENTIFIER=Intel64 Family 6 Model 94 Stepping 3, GenuineIntel



---------------  S Y S T E M  ---------------

OS: Windows 10.0 , 64 bit Build 14393 (10.0.14393.0)

CPU:total 4 (4 cores per cpu, 1 threads per core) family 6 model 94 stepping 3, cmov, cx8, fxsr, mmx, sse, sse2, sse3, ssse3, sse4.1, sse4.2, popcnt, avx, avx2, aes, clmul, erms, rtm, 3dnowpref, lzcnt, tsc, tscinvbit, bmi1, bmi2, adx

Memory: 4k page, physical 16647428k(11111836k free), swap 29754628k(23015276k free)

vm_info: Java HotSpot(TM) 64-Bit Server VM (25.65-b01) for windows-amd64 JRE (1.8.0_65-b17), built on Oct  6 2015 16:39:20 by "java_re" with MS VC++ 10.0 (VS2010)

time: Sat Feb 18 11:08:44 2017
elapsed time: 0 seconds (0d 0h 0m 0s)

